2023-03-22 09:44:33.240  INFO 10316 --- [restartedMain] c.lesson.community.CommunityApplication  : Starting CommunityApplication using Java 1.8.0_201 on HWJ with PID 10316 (E:\Project\community\target\classes started by 28968 in E:\Project\community)
2023-03-22 09:44:33.240 DEBUG 10316 --- [restartedMain] c.lesson.community.CommunityApplication  : Running with Spring Boot v2.7.9, Spring v5.3.25
2023-03-22 09:44:33.241  INFO 10316 --- [restartedMain] c.lesson.community.CommunityApplication  : No active profile set, falling back to 1 default profile: "default"
2023-03-22 09:44:33.369  INFO 10316 --- [restartedMain] .s.d.r.c.RepositoryConfigurationDelegate : Bootstrapping Spring Data JPA repositories in DEFAULT mode.
2023-03-22 09:44:33.382  INFO 10316 --- [restartedMain] .s.d.r.c.RepositoryConfigurationDelegate : Finished Spring Data repository scanning in 14 ms. Found 3 JPA repository interfaces.
2023-03-22 09:44:33.578  INFO 10316 --- [restartedMain] o.s.b.w.embedded.tomcat.TomcatWebServer  : Tomcat initialized with port(s): 8081 (http)
2023-03-22 09:44:33.579  INFO 10316 --- [restartedMain] o.apache.catalina.core.StandardService   : Starting service [Tomcat]
2023-03-22 09:44:33.579  INFO 10316 --- [restartedMain] org.apache.catalina.core.StandardEngine  : Starting Servlet engine: [Apache Tomcat/9.0.71]
2023-03-22 09:44:33.596  INFO 10316 --- [restartedMain] o.a.c.c.C.[Tomcat].[localhost].[/]       : Initializing Spring embedded WebApplicationContext
2023-03-22 09:44:33.597  INFO 10316 --- [restartedMain] w.s.c.ServletWebServerApplicationContext : Root WebApplicationContext: initialization completed in 353 ms
2023-03-22 09:44:33.642  INFO 10316 --- [restartedMain] o.hibernate.jpa.internal.util.LogHelper  : HHH000204: Processing PersistenceUnitInfo [name: default]
2023-03-22 09:44:33.647  INFO 10316 --- [restartedMain] com.zaxxer.hikari.HikariDataSource       : HikariPool-4 - Starting...
2023-03-22 09:44:33.655  INFO 10316 --- [restartedMain] com.zaxxer.hikari.HikariDataSource       : HikariPool-4 - Start completed.
2023-03-22 09:44:33.656  INFO 10316 --- [restartedMain] org.hibernate.dialect.Dialect            : HHH000400: Using dialect: org.hibernate.dialect.MySQL5InnoDBDialect
2023-03-22 09:44:33.742  INFO 10316 --- [restartedMain] o.h.e.t.j.p.i.JtaPlatformInitiator       : HHH000490: Using JtaPlatform implementation: [org.hibernate.engine.transaction.jta.platform.internal.NoJtaPlatform]
2023-03-22 09:44:33.744  INFO 10316 --- [restartedMain] j.LocalContainerEntityManagerFactoryBean : Initialized JPA EntityManagerFactory for persistence unit 'default'
2023-03-22 09:44:33.935  WARN 10316 --- [restartedMain] JpaBaseConfiguration$JpaWebConfiguration : spring.jpa.open-in-view is enabled by default. Therefore, database queries may be performed during view rendering. Explicitly configure spring.jpa.open-in-view to disable this warning
2023-03-22 09:44:34.024  INFO 10316 --- [restartedMain] o.s.b.a.w.s.WelcomePageHandlerMapping    : Adding welcome page template: index
2023-03-22 09:44:34.098  INFO 10316 --- [restartedMain] o.s.b.d.a.OptionalLiveReloadServer       : LiveReload server is running on port 35729
2023-03-22 09:44:34.115  INFO 10316 --- [restartedMain] o.s.b.w.embedded.tomcat.TomcatWebServer  : Tomcat started on port(s): 8081 (http) with context path ''
2023-03-22 09:44:34.120  INFO 10316 --- [restartedMain] c.lesson.community.CommunityApplication  : Started CommunityApplication in 0.932 seconds (JVM running for 1915.265)
2023-03-22 09:44:34.129  INFO 10316 --- [restartedMain] .ConditionEvaluationDeltaLoggingListener : Condition evaluation unchanged
2023-03-22 09:44:34.465  INFO 20304 --- [main] LoggerTest                               : Starting LoggerTest using Java 1.8.0_201 on HWJ with PID 20304 (started by 28968 in E:\Project\community)
2023-03-22 09:44:34.461  INFO 10316 --- [http-nio-8081-exec-2] o.a.c.c.C.[Tomcat].[localhost].[/]       : Initializing Spring DispatcherServlet 'dispatcherServlet'
2023-03-22 09:44:34.470  INFO 10316 --- [http-nio-8081-exec-2] o.s.web.servlet.DispatcherServlet        : Initializing Servlet 'dispatcherServlet'
2023-03-22 09:44:34.473  INFO 20304 --- [main] LoggerTest                               : No active profile set, falling back to 1 default profile: "default"
2023-03-22 09:44:34.473  INFO 10316 --- [http-nio-8081-exec-2] o.s.web.servlet.DispatcherServlet        : Completed initialization in 3 ms
2023-03-22 09:44:35.874  INFO 20304 --- [main] .s.d.r.c.RepositoryConfigurationDelegate : Bootstrapping Spring Data JPA repositories in DEFAULT mode.
2023-03-22 09:44:35.972  INFO 20304 --- [main] .s.d.r.c.RepositoryConfigurationDelegate : Finished Spring Data repository scanning in 85 ms. Found 3 JPA repository interfaces.
2023-03-22 09:44:37.007  INFO 20304 --- [main] o.hibernate.jpa.internal.util.LogHelper  : HHH000204: Processing PersistenceUnitInfo [name: default]
2023-03-22 09:44:37.057  INFO 20304 --- [main] org.hibernate.Version                    : HHH000412: Hibernate ORM core version 5.6.15.Final
2023-03-22 09:44:37.214  INFO 20304 --- [main] o.hibernate.annotations.common.Version   : HCANN000001: Hibernate Commons Annotations {5.1.2.Final}
2023-03-22 09:44:37.616  INFO 20304 --- [main] com.zaxxer.hikari.HikariDataSource       : HikariPool-1 - Starting...
2023-03-22 09:44:37.747  INFO 20304 --- [main] com.zaxxer.hikari.HikariDataSource       : HikariPool-1 - Start completed.
2023-03-22 09:44:37.764  INFO 20304 --- [main] org.hibernate.dialect.Dialect            : HHH000400: Using dialect: org.hibernate.dialect.MySQL5InnoDBDialect
2023-03-22 09:44:38.415  INFO 20304 --- [main] o.h.e.t.j.p.i.JtaPlatformInitiator       : HHH000490: Using JtaPlatform implementation: [org.hibernate.engine.transaction.jta.platform.internal.NoJtaPlatform]
2023-03-22 09:44:38.427  INFO 20304 --- [main] j.LocalContainerEntityManagerFactoryBean : Initialized JPA EntityManagerFactory for persistence unit 'default'
2023-03-22 09:44:39.339  WARN 20304 --- [main] JpaBaseConfiguration$JpaWebConfiguration : spring.jpa.open-in-view is enabled by default. Therefore, database queries may be performed during view rendering. Explicitly configure spring.jpa.open-in-view to disable this warning
2023-03-22 09:44:39.719  INFO 20304 --- [main] o.s.b.a.w.s.WelcomePageHandlerMapping    : Adding welcome page template: index
2023-03-22 09:44:40.636  INFO 20304 --- [main] LoggerTest                               : Started LoggerTest in 6.797 seconds (JVM running for 7.885)
2023-03-22 09:44:40.954  INFO 20304 --- [main] LoggerTest                               : info log
2023-03-22 09:44:40.954  WARN 20304 --- [main] LoggerTest                               : warn log
2023-03-22 09:44:40.956 ERROR 20304 --- [main] LoggerTest                               : error log
2023-03-22 09:44:41.054  INFO 20304 --- [SpringApplicationShutdownHook] j.LocalContainerEntityManagerFactoryBean : Closing JPA EntityManagerFactory for persistence unit 'default'
2023-03-22 09:44:41.060  INFO 20304 --- [SpringApplicationShutdownHook] com.zaxxer.hikari.HikariDataSource       : HikariPool-1 - Shutdown initiated...
2023-03-22 09:44:41.095  INFO 20304 --- [SpringApplicationShutdownHook] com.zaxxer.hikari.HikariDataSource       : HikariPool-1 - Shutdown completed.
2023-03-22 09:45:54.061  INFO 10316 --- [SpringApplicationShutdownHook] j.LocalContainerEntityManagerFactoryBean : Closing JPA EntityManagerFactory for persistence unit 'default'
2023-03-22 09:45:54.061  INFO 10316 --- [SpringApplicationShutdownHook] com.zaxxer.hikari.HikariDataSource       : HikariPool-4 - Shutdown initiated...
2023-03-22 09:45:54.064  INFO 10316 --- [SpringApplicationShutdownHook] com.zaxxer.hikari.HikariDataSource       : HikariPool-4 - Shutdown completed.
